2024-09-26T16:04:55.989Z [info]: GET /contact
2024-09-26T16:04:56.007Z [info]: Contact Us route accessed
2024-09-26T16:04:56.081Z [info]: GET /stylesheets/style.css
2024-09-26T16:04:56.087Z [info]: GET /assets/logo/logo%20trasperant%20without%20text.png
2024-09-26T16:04:56.089Z [info]: GET /javascripts/main.js
2024-09-26T16:04:56.089Z [info]: GET /stylesheets/contact-us.css
2024-09-26T16:04:56.089Z [info]: GET /stylesheets/navbar.css
2024-09-26T16:04:56.123Z [info]: GET /assets/images/contact-us.png
2024-09-26T16:09:10.350Z [info]: GET /contact
2024-09-26T16:09:10.357Z [info]: Contact Us route accessed
2024-09-26T16:09:10.380Z [info]: GET /stylesheets/style.css
2024-09-26T16:09:10.381Z [info]: GET /javascripts/main.js
2024-09-26T16:09:10.386Z [info]: GET /assets/logo/logo%20trasperant%20without%20text.png
2024-09-26T16:09:10.387Z [info]: GET /stylesheets/contact-us.css
2024-09-26T16:09:10.388Z [info]: GET /stylesheets/navbar.css
2024-09-26T16:09:10.406Z [info]: GET /assets/images/contact-us.png
2024-09-26T16:10:19.487Z [info]: GET /contact
2024-09-26T16:10:19.494Z [info]: Contact Us route accessed
2024-09-26T16:10:19.524Z [info]: GET /javascripts/main.js
2024-09-26T16:10:19.530Z [info]: GET /stylesheets/style.css
2024-09-26T16:10:19.534Z [info]: GET /stylesheets/navbar.css
2024-09-26T16:10:19.535Z [info]: GET /stylesheets/contact-us.css
2024-09-26T16:10:19.536Z [info]: GET /assets/logo/logo%20trasperant%20without%20text.png
2024-09-26T16:10:19.582Z [info]: GET /assets/images/contact-us.png
2024-09-26T16:11:02.090Z [info]: GET /contact
2024-09-26T16:11:02.092Z [info]: Contact Us route accessed
2024-09-26T16:11:02.103Z [info]: GET /stylesheets/style.css
2024-09-26T16:11:02.109Z [info]: GET /javascripts/main.js
2024-09-26T16:11:02.110Z [info]: GET /stylesheets/navbar.css
2024-09-26T16:11:02.110Z [info]: GET /assets/logo/logo%20trasperant%20without%20text.png
2024-09-26T16:11:02.114Z [info]: GET /stylesheets/contact-us.css
2024-09-26T16:11:02.133Z [info]: GET /assets/images/contact-us.png
2024-09-26T16:11:58.015Z [info]: GET /contact
2024-09-26T16:11:58.017Z [info]: Contact Us route accessed
2024-09-26T16:11:58.027Z [info]: GET /javascripts/main.js
2024-09-26T16:11:58.032Z [info]: GET /stylesheets/style.css
2024-09-26T16:11:58.033Z [info]: GET /stylesheets/navbar.css
2024-09-26T16:11:58.034Z [info]: GET /stylesheets/contact-us.css
2024-09-26T16:11:58.034Z [info]: GET /assets/logo/logo%20trasperant%20without%20text.png
2024-09-26T16:11:58.048Z [info]: GET /assets/images/contact-us.png
2024-09-26T16:17:47.196Z [info]: GET /contact
2024-09-26T16:17:47.198Z [info]: Contact Us route accessed
2024-09-26T16:17:47.248Z [info]: GET /stylesheets/style.css
2024-09-26T16:17:47.261Z [info]: GET /javascripts/main.js
2024-09-26T16:17:47.262Z [info]: GET /stylesheets/contact-us.css
2024-09-26T16:17:47.265Z [info]: GET /stylesheets/navbar.css
2024-09-26T16:17:47.266Z [info]: GET /assets/logo/logo%20trasperant%20without%20text.png
2024-09-26T16:17:47.485Z [info]: GET /assets/images/contact-us.png
