2024-07-26T11:33:31.369Z [error]: Server error: Failed to lookup view "404" in views directory "D:\business\4_Personal Projects\3_IDAC\0_HomAlert\views"
2024-07-26T11:33:31.373Z [error]: Server error: Failed to lookup view "404" in views directory "D:\business\4_Personal Projects\3_IDAC\0_HomAlert\views"
2024-07-26T11:33:31.390Z [error]: Server error: Failed to lookup view "404" in views directory "D:\business\4_Personal Projects\3_IDAC\0_HomAlert\views"
2024-08-31T12:22:27.738Z [error]: Server error: Failed to lookup view "login.ejs" in views directory "/Users/konstandinosdimitriou/Documents/[06]Work/[063]Home_Alert/main/HomAlert/views"
2024-08-31T12:28:32.516Z [error]: Server error: Failed to lookup view "login.ejs" in views directory "/Users/konstandinosdimitriou/Documents/[06]Work/[063]Home_Alert/main/HomAlert/views"
2024-09-14T13:50:25.673Z [error]: Server error: Failed to lookup view "login.ejs" in views directory "/Users/konstandinosdimitriou/Documents/[06]Work/[063]Home_Alert/main/HomAlert/views"
2024-09-14T14:07:40.366Z [error]: Server error: Failed to lookup view "login.ejs" in views directory "/Users/konstandinosdimitriou/Documents/[06]Work/[063]Home_Alert/main/HomAlert/views"
2024-09-14T14:14:55.769Z [error]: Server error: Failed to lookup view "login.ejs" in views directory "/Users/konstandinosdimitriou/Documents/[06]Work/[063]Home_Alert/main/HomAlert/views"
2024-09-14T14:17:04.486Z [error]: Server error: Failed to lookup view "login.ejs" in views directory "/Users/konstandinosdimitriou/Documents/[06]Work/[063]Home_Alert/main/HomAlert/views"
2024-09-14T14:18:18.671Z [error]: Server error: Failed to lookup view "login.ejs" in views directory "/Users/konstandinosdimitriou/Documents/[06]Work/[063]Home_Alert/main/HomAlert/views"
2024-09-20T14:14:25.492Z [error]: Server error: Failed to lookup view "login.ejs" in views directory "/Users/konstandinosdimitriou/Documents/[06]Work/[063]Home_Alert/main/HomAlert/views"
2024-09-20T15:21:08.563Z [error]: Server error: Failed to lookup view "login.ejs" in views directory "/Users/konstandinosdimitriou/Documents/[06]Work/[063]Home_Alert/main/HomAlert/views"
2024-09-20T15:23:55.345Z [error]: Server error: Failed to lookup view "login.ejs" in views directory "/Users/konstandinosdimitriou/Documents/[06]Work/[063]Home_Alert/main/HomAlert/views"
2024-09-20T15:38:50.404Z [error]: Server error: Failed to lookup view "login.ejs" in views directory "/Users/konstandinosdimitriou/Documents/[06]Work/[063]Home_Alert/main/HomAlert/views"
2024-09-21T12:27:29.592Z [error]: Server error: /Users/konstandinosdimitriou/Documents/[06]Work/[063]Home_Alert/main/HomAlert/views/layouts/boilerplate.ejs:37
    35| 
    36| <body>
 >> 37|     <%- include('../partials/navbar')%>
    38| 
    39|         <main class="container">
    40|             <%- body %>

/Users/konstandinosdimitriou/Documents/[06]Work/[063]Home_Alert/main/HomAlert/views/partials/navbar.ejs:25
    23|                 <ul class="navbar-nav">
    24|                     <li class="nav-item">
 >> 25|                         <a class="nav-link <%= (currentRoute === '/') ? 'active' : '' %>" href="/">Home</a>
    26|                     </li>
    27|                     <li class="nav-item">
    28|                         <a class="nav-link <%= (currentRoute === '/product') ? 'active' : '' %>" href="/product">Product</a>

currentRoute is not defined
2024-09-21T12:27:32.240Z [error]: Server error: /Users/konstandinosdimitriou/Documents/[06]Work/[063]Home_Alert/main/HomAlert/views/layouts/boilerplate.ejs:37
    35| 
    36| <body>
 >> 37|     <%- include('../partials/navbar')%>
    38| 
    39|         <main class="container">
    40|             <%- body %>

/Users/konstandinosdimitriou/Documents/[06]Work/[063]Home_Alert/main/HomAlert/views/partials/navbar.ejs:25
    23|                 <ul class="navbar-nav">
    24|                     <li class="nav-item">
 >> 25|                         <a class="nav-link <%= (currentRoute === '/') ? 'active' : '' %>" href="/">Home</a>
    26|                     </li>
    27|                     <li class="nav-item">
    28|                         <a class="nav-link <%= (currentRoute === '/product') ? 'active' : '' %>" href="/product">Product</a>

currentRoute is not defined
2024-09-25T11:51:24.086Z [error]: Server error: /Users/konstandinosdimitriou/Documents/[06]Work/[063]Home_Alert/main/HomAlert/views/layouts/boilerplate.ejs:43
    41|         </main>
    42| 
 >> 43|         <%- include('../partials/footer')%>
    44|             <script src="https://cdn.jsdelivr.net/npm/@popperjs/core@2.5.4/dist/umd/popper.min.js"></script>
    45|             <script src="https://cdn.jsdelivr.net/npm/bootstrap@5.3.3/dist/js/bootstrap.bundle.min.js"
    46|                 integrity="sha384-YvpcrYf0tY3lHB60NNkmXc5s9fDVZLESaAA55NDzOxhy9GkcIdslK1eN7N6jIeHz"

/Users/konstandinosdimitriou/Documents/[06]Work/[063]Home_Alert/main/HomAlert/views/partials/footer.ejs:37
    35|                     <div class="social-icons">
    36|                         <a href="https://facebook.com" target="_blank" rel="noopener noreferrer">
 >> 37|                           <%= socialIcons.facebook %>
    38|                         </a>
    39|                         <a href="https://twitter.com" target="_blank" rel="noopener noreferrer">
    40|                           <%= socialIcons.twitter %>

socialIcons is not defined
2024-09-25T11:51:26.264Z [error]: Server error: /Users/konstandinosdimitriou/Documents/[06]Work/[063]Home_Alert/main/HomAlert/views/layouts/boilerplate.ejs:43
    41|         </main>
    42| 
 >> 43|         <%- include('../partials/footer')%>
    44|             <script src="https://cdn.jsdelivr.net/npm/@popperjs/core@2.5.4/dist/umd/popper.min.js"></script>
    45|             <script src="https://cdn.jsdelivr.net/npm/bootstrap@5.3.3/dist/js/bootstrap.bundle.min.js"
    46|                 integrity="sha384-YvpcrYf0tY3lHB60NNkmXc5s9fDVZLESaAA55NDzOxhy9GkcIdslK1eN7N6jIeHz"

/Users/konstandinosdimitriou/Documents/[06]Work/[063]Home_Alert/main/HomAlert/views/partials/footer.ejs:37
    35|                     <div class="social-icons">
    36|                         <a href="https://facebook.com" target="_blank" rel="noopener noreferrer">
 >> 37|                           <%= socialIcons.facebook %>
    38|                         </a>
    39|                         <a href="https://twitter.com" target="_blank" rel="noopener noreferrer">
    40|                           <%= socialIcons.twitter %>

socialIcons is not defined
2024-09-25T11:51:35.339Z [error]: Server error: /Users/konstandinosdimitriou/Documents/[06]Work/[063]Home_Alert/main/HomAlert/views/layouts/boilerplate.ejs:43
    41|         </main>
    42| 
 >> 43|         <%- include('../partials/footer')%>
    44|             <script src="https://cdn.jsdelivr.net/npm/@popperjs/core@2.5.4/dist/umd/popper.min.js"></script>
    45|             <script src="https://cdn.jsdelivr.net/npm/bootstrap@5.3.3/dist/js/bootstrap.bundle.min.js"
    46|                 integrity="sha384-YvpcrYf0tY3lHB60NNkmXc5s9fDVZLESaAA55NDzOxhy9GkcIdslK1eN7N6jIeHz"

/Users/konstandinosdimitriou/Documents/[06]Work/[063]Home_Alert/main/HomAlert/views/partials/footer.ejs:37
    35|                     <div class="social-icons">
    36|                         <a href="https://facebook.com" target="_blank" rel="noopener noreferrer">
 >> 37|                           <%= socialIcons.facebook %>
    38|                         </a>
    39|                         <a href="https://twitter.com" target="_blank" rel="noopener noreferrer">
    40|                           <%= socialIcons.twitter %>

socialIcons is not defined
2024-09-25T11:54:00.546Z [error]: Server error: /Users/konstandinosdimitriou/Documents/[06]Work/[063]Home_Alert/main/HomAlert/views/layouts/boilerplate.ejs:43
    41|         </main>
    42| 
 >> 43|         <%- include('../partials/footer')%>
    44|             <script src="https://cdn.jsdelivr.net/npm/@popperjs/core@2.5.4/dist/umd/popper.min.js"></script>
    45|             <script src="https://cdn.jsdelivr.net/npm/bootstrap@5.3.3/dist/js/bootstrap.bundle.min.js"
    46|                 integrity="sha384-YvpcrYf0tY3lHB60NNkmXc5s9fDVZLESaAA55NDzOxhy9GkcIdslK1eN7N6jIeHz"

/Users/konstandinosdimitriou/Documents/[06]Work/[063]Home_Alert/main/HomAlert/views/partials/footer.ejs:11
    9|      ===========================================
    10| -->
 >> 11| <% 
    12|   // Import the SVGs
    13|   const socials = require('../../public/svg/socials');
    14| %>

require is not defined
2024-09-25T11:54:02.698Z [error]: Server error: /Users/konstandinosdimitriou/Documents/[06]Work/[063]Home_Alert/main/HomAlert/views/layouts/boilerplate.ejs:43
    41|         </main>
    42| 
 >> 43|         <%- include('../partials/footer')%>
    44|             <script src="https://cdn.jsdelivr.net/npm/@popperjs/core@2.5.4/dist/umd/popper.min.js"></script>
    45|             <script src="https://cdn.jsdelivr.net/npm/bootstrap@5.3.3/dist/js/bootstrap.bundle.min.js"
    46|                 integrity="sha384-YvpcrYf0tY3lHB60NNkmXc5s9fDVZLESaAA55NDzOxhy9GkcIdslK1eN7N6jIeHz"

/Users/konstandinosdimitriou/Documents/[06]Work/[063]Home_Alert/main/HomAlert/views/partials/footer.ejs:11
    9|      ===========================================
    10| -->
 >> 11| <% 
    12|   // Import the SVGs
    13|   const socials = require('../../public/svg/socials');
    14| %>

require is not defined
2024-09-25T12:00:25.833Z [error]: Server error: /Users/konstandinosdimitriou/Documents/[06]Work/[063]Home_Alert/main/HomAlert/views/layouts/boilerplate.ejs:43
    41|         </main>
    42| 
 >> 43|         <%- include('../partials/footer')%>
    44|             <script src="https://cdn.jsdelivr.net/npm/@popperjs/core@2.5.4/dist/umd/popper.min.js"></script>
    45|             <script src="https://cdn.jsdelivr.net/npm/bootstrap@5.3.3/dist/js/bootstrap.bundle.min.js"
    46|                 integrity="sha384-YvpcrYf0tY3lHB60NNkmXc5s9fDVZLESaAA55NDzOxhy9GkcIdslK1eN7N6jIeHz"

/Users/konstandinosdimitriou/Documents/[06]Work/[063]Home_Alert/main/HomAlert/views/partials/footer.ejs:11
    9|      ===========================================
    10| -->
 >> 11| <% 
    12|   // Import the SVGs
    13|   const socials = require('../../public/svg/socials');
    14| %>

require is not defined
2024-09-25T12:00:29.530Z [error]: Server error: /Users/konstandinosdimitriou/Documents/[06]Work/[063]Home_Alert/main/HomAlert/views/layouts/boilerplate.ejs:43
    41|         </main>
    42| 
 >> 43|         <%- include('../partials/footer')%>
    44|             <script src="https://cdn.jsdelivr.net/npm/@popperjs/core@2.5.4/dist/umd/popper.min.js"></script>
    45|             <script src="https://cdn.jsdelivr.net/npm/bootstrap@5.3.3/dist/js/bootstrap.bundle.min.js"
    46|                 integrity="sha384-YvpcrYf0tY3lHB60NNkmXc5s9fDVZLESaAA55NDzOxhy9GkcIdslK1eN7N6jIeHz"

/Users/konstandinosdimitriou/Documents/[06]Work/[063]Home_Alert/main/HomAlert/views/partials/footer.ejs:11
    9|      ===========================================
    10| -->
 >> 11| <% 
    12|   // Import the SVGs
    13|   const socials = require('../../public/svg/socials');
    14| %>

require is not defined
2024-09-25T12:02:59.588Z [error]: Server error: /Users/konstandinosdimitriou/Documents/[06]Work/[063]Home_Alert/main/HomAlert/views/layouts/boilerplate.ejs:43
    41|         </main>
    42| 
 >> 43|         <%- include('../partials/footer')%>
    44|             <script src="https://cdn.jsdelivr.net/npm/@popperjs/core@2.5.4/dist/umd/popper.min.js"></script>
    45|             <script src="https://cdn.jsdelivr.net/npm/bootstrap@5.3.3/dist/js/bootstrap.bundle.min.js"
    46|                 integrity="sha384-YvpcrYf0tY3lHB60NNkmXc5s9fDVZLESaAA55NDzOxhy9GkcIdslK1eN7N6jIeHz"

/Users/konstandinosdimitriou/Documents/[06]Work/[063]Home_Alert/main/HomAlert/views/partials/footer.ejs:39
    37|                     <div class="social-icons">
    38|                         <a href="https://facebook.com" target="_blank" rel="noopener noreferrer">
 >> 39|                             <%= socialIcons.facebook %>
    40|                         </a>
    41|                         <a href="https://twitter.com" target="_blank" rel="noopener noreferrer">
    42|                             <%= socialIcons.twitter %>

socialIcons is not defined
2024-09-25T12:20:01.721Z [error]: Server error: /Users/konstandinosdimitriou/Documents/[06]Work/[063]Home_Alert/main/HomAlert/views/layouts/boilerplate.ejs:43
    41|         </main>
    42| 
 >> 43|         <%- include('../partials/footer')%>
    44|             <script src="https://cdn.jsdelivr.net/npm/@popperjs/core@2.5.4/dist/umd/popper.min.js"></script>
    45|             <script src="https://cdn.jsdelivr.net/npm/bootstrap@5.3.3/dist/js/bootstrap.bundle.min.js"
    46|                 integrity="sha384-YvpcrYf0tY3lHB60NNkmXc5s9fDVZLESaAA55NDzOxhy9GkcIdslK1eN7N6jIeHz"

/Users/konstandinosdimitriou/Documents/[06]Work/[063]Home_Alert/main/HomAlert/views/partials/footer.ejs:12
    10| -->
    11| 
 >> 12| <% 
    13|   // Import the SVGs
    14|   const socials = require('../../public/svg/socials');
    15| %>

require is not defined
2024-09-25T12:22:43.518Z [error]: Server error: /Users/konstandinosdimitriou/Documents/[06]Work/[063]Home_Alert/main/HomAlert/views/layouts/boilerplate.ejs:43
    41|         </main>
    42| 
 >> 43|         <%- include('../partials/footer')%>
    44|             <script src="https://cdn.jsdelivr.net/npm/@popperjs/core@2.5.4/dist/umd/popper.min.js"></script>
    45|             <script src="https://cdn.jsdelivr.net/npm/bootstrap@5.3.3/dist/js/bootstrap.bundle.min.js"
    46|                 integrity="sha384-YvpcrYf0tY3lHB60NNkmXc5s9fDVZLESaAA55NDzOxhy9GkcIdslK1eN7N6jIeHz"

/Users/konstandinosdimitriou/Documents/[06]Work/[063]Home_Alert/main/HomAlert/views/partials/footer.ejs:12
    10| -->
    11| Import (facebook, twitter, instagram, linkedin, youtube) from "./svg/socials";
 >> 12| <% 
    13|   // Import the SVGs
    14|   const socials = require('../../public/svg/socials');
    15| %>

require is not defined
2024-09-25T12:27:28.650Z [error]: Server error: /Users/konstandinosdimitriou/Documents/[06]Work/[063]Home_Alert/main/HomAlert/views/layouts/boilerplate.ejs:43
    41|         </main>
    42| 
 >> 43|         <%- include('../partials/footer')%>
    44|             <script src="https://cdn.jsdelivr.net/npm/@popperjs/core@2.5.4/dist/umd/popper.min.js"></script>
    45|             <script src="https://cdn.jsdelivr.net/npm/bootstrap@5.3.3/dist/js/bootstrap.bundle.min.js"
    46|                 integrity="sha384-YvpcrYf0tY3lHB60NNkmXc5s9fDVZLESaAA55NDzOxhy9GkcIdslK1eN7N6jIeHz"

missing ) after argument list in /Users/konstandinosdimitriou/Documents/[06]Work/[063]Home_Alert/main/HomAlert/views/partials/footer.ejs while compiling ejs

If the above error is not helpful, you may want to try EJS-Lint:
https://github.com/RyanZim/EJS-Lint
Or, if you meant to create an async function, pass `async: true` as an option.
2024-09-25T12:33:10.675Z [error]: Server error: /Users/konstandinosdimitriou/Documents/[06]Work/[063]Home_Alert/main/HomAlert/views/layouts/boilerplate.ejs:43
    41|         </main>
    42| 
 >> 43|         <%- include('../partials/footer')%>
    44|             <script src="https://cdn.jsdelivr.net/npm/@popperjs/core@2.5.4/dist/umd/popper.min.js"></script>
    45|             <script src="https://cdn.jsdelivr.net/npm/bootstrap@5.3.3/dist/js/bootstrap.bundle.min.js"
    46|                 integrity="sha384-YvpcrYf0tY3lHB60NNkmXc5s9fDVZLESaAA55NDzOxhy9GkcIdslK1eN7N6jIeHz"

/Users/konstandinosdimitriou/Documents/[06]Work/[063]Home_Alert/main/HomAlert/views/partials/footer.ejs:36
    34|                 <!-- Social Media Icons on the Right -->
    35|                 <!-- In your EJS footer file, e.g., footer.ejs -->
 >> 36| <%- include('path/to/socialIcons.js') %>
    37| <div class="social-icons">
    38|     <a href="https://facebook.com" target="_blank" rel="noopener noreferrer">
    39|         <%= icons.facebook %>

Could not find the include file "path/to/socialIcons.js"
2024-09-25T12:34:55.336Z [error]: Server error: /Users/konstandinosdimitriou/Documents/[06]Work/[063]Home_Alert/main/HomAlert/views/layouts/boilerplate.ejs:43
    41|         </main>
    42| 
 >> 43|         <%- include('../partials/footer')%>
    44|             <script src="https://cdn.jsdelivr.net/npm/@popperjs/core@2.5.4/dist/umd/popper.min.js"></script>
    45|             <script src="https://cdn.jsdelivr.net/npm/bootstrap@5.3.3/dist/js/bootstrap.bundle.min.js"
    46|                 integrity="sha384-YvpcrYf0tY3lHB60NNkmXc5s9fDVZLESaAA55NDzOxhy9GkcIdslK1eN7N6jIeHz"

/Users/konstandinosdimitriou/Documents/[06]Work/[063]Home_Alert/main/HomAlert/views/partials/footer.ejs:39
    37| <div class="social-icons">
    38|     <a href="https://facebook.com" target="_blank" rel="noopener noreferrer">
 >> 39|         <%= icons.facebook %>
    40|     </a>
    41|     <a href="https://twitter.com" target="_blank" rel="noopener noreferrer">
    42|         <%= icons.twitter %>

icons is not defined
2024-09-25T12:35:27.105Z [error]: Server error: /Users/konstandinosdimitriou/Documents/[06]Work/[063]Home_Alert/main/HomAlert/views/layouts/boilerplate.ejs:43
    41|         </main>
    42| 
 >> 43|         <%- include('../partials/footer')%>
    44|             <script src="https://cdn.jsdelivr.net/npm/@popperjs/core@2.5.4/dist/umd/popper.min.js"></script>
    45|             <script src="https://cdn.jsdelivr.net/npm/bootstrap@5.3.3/dist/js/bootstrap.bundle.min.js"
    46|                 integrity="sha384-YvpcrYf0tY3lHB60NNkmXc5s9fDVZLESaAA55NDzOxhy9GkcIdslK1eN7N6jIeHz"

/Users/konstandinosdimitriou/Documents/[06]Work/[063]Home_Alert/main/HomAlert/views/partials/footer.ejs:36
    34|                 <!-- Social Media Icons on the Right -->
    35|                 <!-- In your EJS footer file, e.g., footer.ejs -->
 >> 36| <%- include('../../public/svg/socialbs.js') %>
    37| <div class="social-icons">
    38|     <a href="https://facebook.com" target="_blank" rel="noopener noreferrer">
    39|         <%= icons.facebook %>

Could not find the include file "../../public/svg/socialbs.js"
2024-09-25T12:35:42.901Z [error]: Server error: /Users/konstandinosdimitriou/Documents/[06]Work/[063]Home_Alert/main/HomAlert/views/layouts/boilerplate.ejs:43
    41|         </main>
    42| 
 >> 43|         <%- include('../partials/footer')%>
    44|             <script src="https://cdn.jsdelivr.net/npm/@popperjs/core@2.5.4/dist/umd/popper.min.js"></script>
    45|             <script src="https://cdn.jsdelivr.net/npm/bootstrap@5.3.3/dist/js/bootstrap.bundle.min.js"
    46|                 integrity="sha384-YvpcrYf0tY3lHB60NNkmXc5s9fDVZLESaAA55NDzOxhy9GkcIdslK1eN7N6jIeHz"

/Users/konstandinosdimitriou/Documents/[06]Work/[063]Home_Alert/main/HomAlert/views/partials/footer.ejs:39
    37| <div class="social-icons">
    38|     <a href="https://facebook.com" target="_blank" rel="noopener noreferrer">
 >> 39|         <%= icons.facebook %>
    40|     </a>
    41|     <a href="https://twitter.com" target="_blank" rel="noopener noreferrer">
    42|         <%= icons.twitter %>

icons is not defined
2024-09-25T12:37:24.709Z [error]: Server error: /Users/konstandinosdimitriou/Documents/[06]Work/[063]Home_Alert/main/HomAlert/views/layouts/boilerplate.ejs:43
    41|         </main>
    42| 
 >> 43|         <%- include('../partials/footer')%>
    44|             <script src="https://cdn.jsdelivr.net/npm/@popperjs/core@2.5.4/dist/umd/popper.min.js"></script>
    45|             <script src="https://cdn.jsdelivr.net/npm/bootstrap@5.3.3/dist/js/bootstrap.bundle.min.js"
    46|                 integrity="sha384-YvpcrYf0tY3lHB60NNkmXc5s9fDVZLESaAA55NDzOxhy9GkcIdslK1eN7N6jIeHz"

/Users/konstandinosdimitriou/Documents/[06]Work/[063]Home_Alert/main/HomAlert/views/partials/footer.ejs:40
    38| <div class="social-icons">
    39|     <a href="https://facebook.com" target="_blank" rel="noopener noreferrer">
 >> 40|         <%= icons.facebook %>
    41|     </a>
    42|     <a href="https://twitter.com" target="_blank" rel="noopener noreferrer">
    43|         <%= icons.twitter %>

icons is not defined
